<?xml version="1.0" encoding="UTF-8"?>
<!-- Generated by org.testng.reporters.JUnitXMLReporter -->
<testsuite ignored="0" hostname="LAPTOP-KBSBS314" failures="1" tests="1" name="Test" time="29.152" errors="0" timestamp="2024-12-31T23:51:07 IST">
  <testcase classname="Testscript.QALegendAnnouncementPageTest" name="addAnnouncement" time="18.174">
    <failure type="java.lang.NullPointerException" message="Cannot invoke &amp;quot;Pages.QALegendAnnouncementPage.clickOnAddAnnouncementbtn()&amp;quot; because &amp;quot;this.announcementPage&amp;quot; is null">
      <![CDATA[java.lang.NullPointerException: Cannot invoke "Pages.QALegendAnnouncementPage.clickOnAddAnnouncementbtn()" because "this.announcementPage" is null
at Testscript.QALegendAnnouncementPageTest.addAnnouncement(QALegendAnnouncementPageTest.java:21)
at java.base/java.util.ArrayList.forEach(ArrayList.java:1597)
... Removed 25 stack frames]]>
    </failure>
  </testcase> <!-- addAnnouncement -->
</testsuite> <!-- Test -->
