<?xml version="1.0" encoding="UTF-8"?>
<!-- Generated by org.testng.reporters.JUnitXMLReporter -->
<testsuite ignored="0" hostname="LAPTOP-KBSBS314" failures="1" tests="8" name="Test" time="113.43" errors="0" timestamp="2024-12-27T20:14:16 IST">
  <testcase classname="Testscript.QALegendComposeMessageTest" name="addNote" time="3.099"/>
  <testcase classname="Testscript.QALegenddeleteNote$QALegendNoteTest" name="addNote" time="16.796"/>
  <testcase classname="Testscript.QAlegendSignoutTest" name="Signout" time="5.299"/>
  <testcase classname="Testscript.QAlegendLoginTests" name="logintests" time="7.676"/>
  <testcase classname="Testscript.QALegendNoteTest" name="addNote" time="8.687"/>
  <testcase classname="Testscript.QALegendChecksentItems" name="Check_sentItems" time="4.325"/>
  <testcase classname="Testscript.QALegendProjectEditTest" name="edit_test" time="8.435"/>
  <testcase classname="Testscript.QALgendDEleteEstimate" name="AddEstimate" time="14.836">
    <failure type="org.openqa.selenium.ElementClickInterceptedException" message="element click intercepted: Element &amp;lt;i class=&amp;quot;dot fa fa-circle&amp;quot;&amp;gt;&amp;lt;/i&amp;gt; is not clickable at point (27, 365). Other element would receive the click: &amp;lt;div class=&amp;quot;modal in&amp;quot; id=&amp;quot;ajaxModal&amp;quot; tabindex=&amp;quot;-1&amp;quot; role=&amp;quot;dialog&amp;quot; aria-labelledby=&amp;quot;ajaxModal&amp;quot; aria-hidden=&amp;quot;true&amp;quot; style=&amp;quot;display: block;&amp;quot;&amp;gt;...&amp;lt;/div&amp;gt;
  (Session info: chrome=131.0.6778.205)
Build info: version: &amp;apos;4.25.0&amp;apos;, revision: &amp;apos;8a8aea2337&amp;apos;
System info: os.name: &amp;apos;Windows 11&amp;apos;, os.arch: &amp;apos;amd64&amp;apos;, os.version: &amp;apos;10.0&amp;apos;, java.version: &amp;apos;22.0.2&amp;apos;
Driver info: org.openqa.selenium.chrome.ChromeDriver
Command: [24e537879ae770f0d5900074a84f6f07, clickElement {id=f.7A0948FEB56C1EB49913F8F3D9C6E4D0.d.F4DC28E1C104284AC0990FC24D52DBF6.e.145}]
Capabilities {acceptInsecureCerts: false, browserName: chrome, browserVersion: 131.0.6778.205, chrome: {chromedriverVersion: 131.0.6778.204 (52183f9e99a..., userDataDir: C:\Users\celis\AppData\Loca...}, fedcm:accounts: true, goog:chromeOptions: {debuggerAddress: localhost:52184}, networkConnectionEnabled: false, pageLoadStrategy: normal, platformName: windows, proxy: Proxy(), se:cdp: ws://localhost:52184/devtoo..., se:cdpVersion: 131.0.6778.205, setWindowRect: true, strictFileInteractability: false, timeouts: {implicit: 0, pageLoad: 300000, script: 30000}, unhandledPromptBehavior: dismiss and notify, webauthn:extension:credBlob: true, webauthn:extension:largeBlob: true, webauthn:extension:minPinLength: true, webauthn:extension:prf: true, webauthn:virtualAuthenticators: true}
Element: [[ChromeDriver: chrome on windows (24e537879ae770f0d5900074a84f6f07)] -&amp;gt; xpath: (//i[@class=&amp;apos;dot fa fa-circle&amp;apos;])[5]]
Session ID: 24e537879ae770f0d5900074a84f6f07">
      <![CDATA[org.openqa.selenium.ElementClickInterceptedException: element click intercepted: Element <i class="dot fa fa-circle"></i> is not clickable at point (27, 365). Other element would receive the click: <div class="modal in" id="ajaxModal" tabindex="-1" role="dialog" aria-labelledby="ajaxModal" aria-hidden="true" style="display: block;">...</div>
  (Session info: chrome=131.0.6778.205)
Build info: version: '4.25.0', revision: '8a8aea2337'
System info: os.name: 'Windows 11', os.arch: 'amd64', os.version: '10.0', java.version: '22.0.2'
Driver info: org.openqa.selenium.chrome.ChromeDriver
Command: [24e537879ae770f0d5900074a84f6f07, clickElement {id=f.7A0948FEB56C1EB49913F8F3D9C6E4D0.d.F4DC28E1C104284AC0990FC24D52DBF6.e.145}]
Capabilities {acceptInsecureCerts: false, browserName: chrome, browserVersion: 131.0.6778.205, chrome: {chromedriverVersion: 131.0.6778.204 (52183f9e99a..., userDataDir: C:\Users\celis\AppData\Loca...}, fedcm:accounts: true, goog:chromeOptions: {debuggerAddress: localhost:52184}, networkConnectionEnabled: false, pageLoadStrategy: normal, platformName: windows, proxy: Proxy(), se:cdp: ws://localhost:52184/devtoo..., se:cdpVersion: 131.0.6778.205, setWindowRect: true, strictFileInteractability: false, timeouts: {implicit: 0, pageLoad: 300000, script: 30000}, unhandledPromptBehavior: dismiss and notify, webauthn:extension:credBlob: true, webauthn:extension:largeBlob: true, webauthn:extension:minPinLength: true, webauthn:extension:prf: true, webauthn:virtualAuthenticators: true}
Element: [[ChromeDriver: chrome on windows (24e537879ae770f0d5900074a84f6f07)] -> xpath: (//i[@class='dot fa fa-circle'])[5]]
Session ID: 24e537879ae770f0d5900074a84f6f07
at org.openqa.selenium.remote.ErrorCodec.decode(ErrorCodec.java:167)
at org.openqa.selenium.remote.codec.w3c.W3CHttpResponseCodec.decode(W3CHttpResponseCodec.java:138)
at org.openqa.selenium.remote.codec.w3c.W3CHttpResponseCodec.decode(W3CHttpResponseCodec.java:50)
at org.openqa.selenium.remote.HttpCommandExecutor.execute(HttpCommandExecutor.java:190)
at org.openqa.selenium.remote.service.DriverCommandExecutor.invokeExecute(DriverCommandExecutor.java:216)
at org.openqa.selenium.remote.service.DriverCommandExecutor.execute(DriverCommandExecutor.java:174)
at org.openqa.selenium.remote.RemoteWebDriver.execute(RemoteWebDriver.java:545)
at org.openqa.selenium.remote.RemoteWebElement.execute(RemoteWebElement.java:223)
at org.openqa.selenium.remote.RemoteWebElement.click(RemoteWebElement.java:76)
at org.openqa.selenium.support.pagefactory.internal.LocatingElementHandler.invoke(LocatingElementHandler.java:51)
at jdk.proxy2/jdk.proxy2.$Proxy13.click(Unknown Source)
at Pages.QALegendEstimatePage.clickon_EstimatesList(QALegendEstimatePage.java:145)
at Testscript.QALgendDEleteEstimate.AddEstimate(QALgendDEleteEstimate.java:34)
at java.base/java.util.ArrayList.forEach(ArrayList.java:1597)
... Removed 30 stack frames]]>
    </failure>
  </testcase> <!-- AddEstimate -->
</testsuite> <!-- Test -->
