<?xml version="1.0" encoding="UTF-8"?>
<testng-results ignored="0" total="1" passed="1" failed="0" skipped="0">
  <reporter-output>
  </reporter-output>
  <suite started-at="2025-01-01T01:08:32 IST" name="Suite" finished-at="2025-01-01T01:08:46 IST" duration-ms="13498">
    <groups>
    </groups>
    <test started-at="2025-01-01T01:08:32 IST" name="Test" finished-at="2025-01-01T01:08:46 IST" duration-ms="13498">
      <class name="Testscript.QALegendAnnouncementPageTest">
        <test-method is-config="true" signature="browserintialistaion(java.lang.String)[pri:0, instance:Testscript.QALegendAnnouncementPageTest@196a42c3]" started-at="2025-01-01T01:08:32 IST" name="browserintialistaion" finished-at="2025-01-01T01:08:40 IST" duration-ms="8099" status="PASS">
          <params>
            <param index="0">
              <value>
                <![CDATA[chrome]]>
              </value>
            </param>
          </params>
          <reporter-output>
          </reporter-output>
        </test-method> <!-- browserintialistaion -->
        <test-method signature="addAnnouncement()[pri:0, instance:Testscript.QALegendAnnouncementPageTest@196a42c3]" started-at="2025-01-01T01:08:40 IST" name="addAnnouncement" finished-at="2025-01-01T01:08:46 IST" duration-ms="5339" status="PASS">
          <reporter-output>
          </reporter-output>
        </test-method> <!-- addAnnouncement -->
      </class> <!-- Testscript.QALegendAnnouncementPageTest -->
    </test> <!-- Test -->
  </suite> <!-- Suite -->
</testng-results>
