<?xml version="1.0" encoding="UTF-8"?>
<testng-results ignored="0" total="1" passed="1" failed="0" skipped="0">
  <reporter-output>
  </reporter-output>
  <suite started-at="2024-12-28T19:03:26 IST" name="Suite" finished-at="2024-12-28T19:03:43 IST" duration-ms="16905">
    <groups>
    </groups>
    <test started-at="2024-12-28T19:03:26 IST" name="Test" finished-at="2024-12-28T19:03:43 IST" duration-ms="16905">
      <class name="Testscript.QALgendDEleteEstimate">
        <test-method is-config="true" signature="browserintialistaion(java.lang.String)[pri:0, instance:Testscript.QALgendDEleteEstimate@4b013c76]" started-at="2024-12-28T19:03:26 IST" name="browserintialistaion" finished-at="2024-12-28T19:03:32 IST" duration-ms="5864" status="PASS">
          <params>
            <param index="0">
              <value>
                <![CDATA[chrome]]>
              </value>
            </param>
          </params>
          <reporter-output>
          </reporter-output>
        </test-method> <!-- browserintialistaion -->
        <test-method signature="AddEstimate()[pri:0, instance:Testscript.QALgendDEleteEstimate@4b013c76]" started-at="2024-12-28T19:03:32 IST" name="AddEstimate" finished-at="2024-12-28T19:03:43 IST" duration-ms="10972" status="PASS">
          <reporter-output>
          </reporter-output>
        </test-method> <!-- AddEstimate -->
      </class> <!-- Testscript.QALgendDEleteEstimate -->
    </test> <!-- Test -->
  </suite> <!-- Suite -->
</testng-results>
